2014/07/11 11:31:20 [error] [exception.CDbException] exception 'CDbException' with message 'CDbConnection failed to open the DB connection: SQLSTATE[28000] [1045] Access denied for user 'bill'@'localhost' (using password: YES)' in /srv/code/framework/framework/db/CDbConnection.php:399
Stack trace:
#0 /srv/code/framework/framework/db/CDbConnection.php(347): CDbConnection->open()
#1 /srv/code/framework/framework/db/CDbConnection.php(325): CDbConnection->setActive(true)
#2 /srv/code/framework/framework/base/CModule.php(393): CDbConnection->init()
#3 /srv/code/framework/framework/base/CApplication.php(458): CModule->getComponent('db')
#4 /srv/code/framework/framework/db/ar/CActiveRecord.php(637): CApplication->getDb()
#5 /srv/code/framework/framework/db/ar/CActiveRecord.php(1431): CActiveRecord->getDbConnection()
#6 /srv/code/framework/framework/db/ar/CActiveRecord.php(1520): CActiveRecord->getTableAlias(true)
#7 /var/www/protected/components/UserIdentity.php(23): CActiveRecord->findByAttributes(Array)
#8 /var/www/protected/models/LoginForm.php(52): UserIdentity->authenticate()
#9 /srv/code/framework/framework/validators/CInlineValidator.php(42): LoginForm->authenticate('password', Array)
#10 /srv/code/framework/framework/validators/CValidator.php(213): CInlineValidator->validateAttribute(Object(LoginForm), 'password')
#11 /srv/code/framework/framework/base/CModel.php(159): CValidator->validate(Object(LoginForm), NULL)
#12 /var/www/protected/controllers/SiteController.php(89): CModel->validate()
#13 /srv/code/framework/framework/web/actions/CInlineAction.php(49): SiteController->actionLogin()
#14 /srv/code/framework/framework/web/CController.php(308): CInlineAction->runWithParams(Array)
#15 /srv/code/framework/framework/web/CController.php(286): CController->runAction(Object(CInlineAction))
#16 /srv/code/framework/framework/web/CController.php(265): CController->runActionWithFilters(Object(CInlineAction), Array)
#17 /srv/code/framework/framework/web/CWebApplication.php(282): CController->run('login')
#18 /srv/code/framework/framework/web/CWebApplication.php(141): CWebApplication->runController('site/login')
#19 /srv/code/framework/framework/base/CApplication.php(184): CWebApplication->processRequest()
#20 /var/www/index.php(13): CApplication->run()
#21 {main}
REQUEST_URI=/index.php/site/login
HTTP_REFERER=http://127.0.0.1:9024/index.php/site/login
---
2014/07/11 11:31:58 [error] [exception.CDbException] exception 'CDbException' with message 'CDbConnection failed to open the DB connection: SQLSTATE[42000] [1049] Unknown database 'strabismus_dataset'' in /srv/code/framework/framework/db/CDbConnection.php:399
Stack trace:
#0 /srv/code/framework/framework/db/CDbConnection.php(347): CDbConnection->open()
#1 /srv/code/framework/framework/db/CDbConnection.php(325): CDbConnection->setActive(true)
#2 /srv/code/framework/framework/base/CModule.php(393): CDbConnection->init()
#3 /srv/code/framework/framework/base/CApplication.php(458): CModule->getComponent('db')
#4 /srv/code/framework/framework/db/ar/CActiveRecord.php(637): CApplication->getDb()
#5 /srv/code/framework/framework/db/ar/CActiveRecord.php(1431): CActiveRecord->getDbConnection()
#6 /srv/code/framework/framework/db/ar/CActiveRecord.php(1520): CActiveRecord->getTableAlias(true)
#7 /var/www/protected/components/UserIdentity.php(23): CActiveRecord->findByAttributes(Array)
#8 /var/www/protected/models/LoginForm.php(52): UserIdentity->authenticate()
#9 /srv/code/framework/framework/validators/CInlineValidator.php(42): LoginForm->authenticate('password', Array)
#10 /srv/code/framework/framework/validators/CValidator.php(213): CInlineValidator->validateAttribute(Object(LoginForm), 'password')
#11 /srv/code/framework/framework/base/CModel.php(159): CValidator->validate(Object(LoginForm), NULL)
#12 /var/www/protected/controllers/SiteController.php(89): CModel->validate()
#13 /srv/code/framework/framework/web/actions/CInlineAction.php(49): SiteController->actionLogin()
#14 /srv/code/framework/framework/web/CController.php(308): CInlineAction->runWithParams(Array)
#15 /srv/code/framework/framework/web/CController.php(286): CController->runAction(Object(CInlineAction))
#16 /srv/code/framework/framework/web/CController.php(265): CController->runActionWithFilters(Object(CInlineAction), Array)
#17 /srv/code/framework/framework/web/CWebApplication.php(282): CController->run('login')
#18 /srv/code/framework/framework/web/CWebApplication.php(141): CWebApplication->runController('site/login')
#19 /srv/code/framework/framework/base/CApplication.php(184): CWebApplication->processRequest()
#20 /var/www/index.php(13): CApplication->run()
#21 {main}
REQUEST_URI=/index.php/site/login
HTTP_REFERER=http://127.0.0.1:9024/index.php/site/login
---
2014/07/11 11:41:01 [error] [exception.CHttpException.403] exception 'CHttpException' with message 'You are not authorized to perform this action.' in /srv/code/framework/framework/web/auth/CAccessControlFilter.php:182
Stack trace:
#0 /srv/code/framework/framework/web/auth/CAccessControlFilter.php(145): CAccessControlFilter->accessDenied(Object(CWebUser), 'You are not aut...')
#1 /srv/code/framework/framework/web/filters/CFilter.php(38): CAccessControlFilter->preFilter(Object(CFilterChain))
#2 /srv/code/framework/framework/web/CController.php(1145): CFilter->filter(Object(CFilterChain))
#3 /srv/code/framework/framework/web/filters/CInlineFilter.php(58): CController->filterAccessControl(Object(CFilterChain))
#4 /srv/code/framework/framework/web/filters/CFilterChain.php(130): CInlineFilter->filter(Object(CFilterChain))
#5 /srv/code/framework/framework/web/CController.php(291): CFilterChain->run()
#6 /srv/code/framework/framework/web/CController.php(265): CController->runActionWithFilters(Object(CInlineAction), Array)
#7 /srv/code/framework/framework/web/CWebApplication.php(282): CController->run('admin')
#8 /srv/code/framework/framework/web/CWebApplication.php(141): CWebApplication->runController('adultDataset/ad...')
#9 /srv/code/framework/framework/base/CApplication.php(184): CWebApplication->processRequest()
#10 /var/www/index.php(13): CApplication->run()
#11 {main}
REQUEST_URI=/index.php/adultDataset/admin
---
2014/07/11 11:43:21 [error] [php] A non well formed numeric value encountered (/srv/code/framework/framework/base/CComponent.php(612) : eval()'d code:1)
Stack trace:
#0 /srv/code/framework/framework/zii/widgets/grid/CDataColumn.php(142): CDataColumn->evaluateExpression()
#1 /srv/code/framework/framework/zii/widgets/grid/CGridColumn.php(231): CDataColumn->getDataCellContent()
#2 /srv/code/framework/framework/zii/widgets/grid/CGridColumn.php(154): CDataColumn->renderDataCellContent()
#3 /srv/code/framework/framework/zii/widgets/grid/CGridView.php(622): CDataColumn->renderDataCell()
#4 /srv/code/framework/framework/zii/widgets/grid/CGridView.php(578): CGridView->renderTableRow()
#5 /srv/code/framework/framework/zii/widgets/grid/CGridView.php(488): CGridView->renderTableBody()
#6 /srv/code/framework/framework/zii/widgets/CBaseListView.php(181): CGridView->renderItems()
#7 unknown(0): CGridView->renderSection()
#8 /srv/code/framework/framework/zii/widgets/CBaseListView.php(164): preg_replace_callback()
#9 /srv/code/framework/framework/zii/widgets/CBaseListView.php(149): CGridView->renderContent()
#10 /srv/code/framework/framework/web/CBaseController.php(181): CGridView->run()
#11 /var/www/protected/views/dataset/admin.php(77): DatasetController->widget()
#12 /srv/code/framework/framework/web/CBaseController.php(126): require()
#13 /srv/code/framework/framework/web/CBaseController.php(95): DatasetController->renderInternal()
#14 /srv/code/framework/framework/web/CController.php(869): DatasetController->renderFile()
#15 /srv/code/framework/framework/web/CController.php(782): DatasetController->renderPartial()
#16 /var/www/protected/controllers/DatasetController.php(164): DatasetController->render()
#17 /srv/code/framework/framework/web/actions/CInlineAction.php(49): DatasetController->actionAdmin()
#18 /srv/code/framework/framework/web/CController.php(308): CInlineAction->runWithParams()
#19 /srv/code/framework/framework/web/filters/CFilterChain.php(133): DatasetController->runAction()
#20 /srv/code/framework/framework/web/filters/CFilter.php(40): CFilterChain->run()
#21 /srv/code/framework/framework/web/CController.php(1145): CAccessControlFilter->filter()
#22 /srv/code/framework/framework/web/filters/CInlineFilter.php(58): DatasetController->filterAccessControl()
#23 /srv/code/framework/framework/web/filters/CFilterChain.php(130): CInlineFilter->filter()
#24 /srv/code/framework/framework/web/CController.php(291): CFilterChain->run()
#25 /srv/code/framework/framework/web/CController.php(265): DatasetController->runActionWithFilters()
#26 /srv/code/framework/framework/web/CWebApplication.php(282): DatasetController->run()
#27 /srv/code/framework/framework/web/CWebApplication.php(141): CWebApplication->runController()
#28 /srv/code/framework/framework/base/CApplication.php(184): CWebApplication->processRequest()
#29 /var/www/index.php(13): CWebApplication->run()
REQUEST_URI=/index.php/dataset/admin
in /var/www/protected/views/dataset/admin.php (77)
in /var/www/protected/controllers/DatasetController.php (164)
in /var/www/index.php (13)
2014/07/11 11:43:23 [error] [php] A non well formed numeric value encountered (/srv/code/framework/framework/base/CComponent.php(612) : eval()'d code:1)
Stack trace:
#0 /srv/code/framework/framework/zii/widgets/grid/CDataColumn.php(142): CDataColumn->evaluateExpression()
#1 /srv/code/framework/framework/zii/widgets/grid/CGridColumn.php(231): CDataColumn->getDataCellContent()
#2 /srv/code/framework/framework/zii/widgets/grid/CGridColumn.php(154): CDataColumn->renderDataCellContent()
#3 /srv/code/framework/framework/zii/widgets/grid/CGridView.php(622): CDataColumn->renderDataCell()
#4 /srv/code/framework/framework/zii/widgets/grid/CGridView.php(578): CGridView->renderTableRow()
#5 /srv/code/framework/framework/zii/widgets/grid/CGridView.php(488): CGridView->renderTableBody()
#6 /srv/code/framework/framework/zii/widgets/CBaseListView.php(181): CGridView->renderItems()
#7 unknown(0): CGridView->renderSection()
#8 /srv/code/framework/framework/zii/widgets/CBaseListView.php(164): preg_replace_callback()
#9 /srv/code/framework/framework/zii/widgets/CBaseListView.php(149): CGridView->renderContent()
#10 /srv/code/framework/framework/web/CBaseController.php(181): CGridView->run()
#11 /var/www/protected/views/dataset/admin.php(77): DatasetController->widget()
#12 /srv/code/framework/framework/web/CBaseController.php(126): require()
#13 /srv/code/framework/framework/web/CBaseController.php(95): DatasetController->renderInternal()
#14 /srv/code/framework/framework/web/CController.php(869): DatasetController->renderFile()
#15 /srv/code/framework/framework/web/CController.php(782): DatasetController->renderPartial()
#16 /var/www/protected/controllers/DatasetController.php(164): DatasetController->render()
#17 /srv/code/framework/framework/web/actions/CInlineAction.php(49): DatasetController->actionAdmin()
#18 /srv/code/framework/framework/web/CController.php(308): CInlineAction->runWithParams()
#19 /srv/code/framework/framework/web/filters/CFilterChain.php(133): DatasetController->runAction()
#20 /srv/code/framework/framework/web/filters/CFilter.php(40): CFilterChain->run()
#21 /srv/code/framework/framework/web/CController.php(1145): CAccessControlFilter->filter()
#22 /srv/code/framework/framework/web/filters/CInlineFilter.php(58): DatasetController->filterAccessControl()
#23 /srv/code/framework/framework/web/filters/CFilterChain.php(130): CInlineFilter->filter()
#24 /srv/code/framework/framework/web/CController.php(291): CFilterChain->run()
#25 /srv/code/framework/framework/web/CController.php(265): DatasetController->runActionWithFilters()
#26 /srv/code/framework/framework/web/CWebApplication.php(282): DatasetController->run()
#27 /srv/code/framework/framework/web/CWebApplication.php(141): CWebApplication->runController()
#28 /srv/code/framework/framework/base/CApplication.php(184): CWebApplication->processRequest()
#29 /var/www/index.php(13): CWebApplication->run()
REQUEST_URI=/index.php/dataset/admin
in /var/www/protected/views/dataset/admin.php (77)
in /var/www/protected/controllers/DatasetController.php (164)
in /var/www/index.php (13)
2014/07/11 11:44:27 [error] [php] date() expects parameter 2 to be long, array given (/srv/code/framework/framework/base/CComponent.php(612) : eval()'d code:1)
Stack trace:
#0 /srv/code/framework/framework/zii/widgets/grid/CDataColumn.php(142): CDataColumn->evaluateExpression()
#1 /srv/code/framework/framework/zii/widgets/grid/CGridColumn.php(231): CDataColumn->getDataCellContent()
#2 /srv/code/framework/framework/zii/widgets/grid/CGridColumn.php(154): CDataColumn->renderDataCellContent()
#3 /srv/code/framework/framework/zii/widgets/grid/CGridView.php(622): CDataColumn->renderDataCell()
#4 /srv/code/framework/framework/zii/widgets/grid/CGridView.php(578): CGridView->renderTableRow()
#5 /srv/code/framework/framework/zii/widgets/grid/CGridView.php(488): CGridView->renderTableBody()
#6 /srv/code/framework/framework/zii/widgets/CBaseListView.php(181): CGridView->renderItems()
#7 unknown(0): CGridView->renderSection()
#8 /srv/code/framework/framework/zii/widgets/CBaseListView.php(164): preg_replace_callback()
#9 /srv/code/framework/framework/zii/widgets/CBaseListView.php(149): CGridView->renderContent()
#10 /srv/code/framework/framework/web/CBaseController.php(181): CGridView->run()
#11 /var/www/protected/views/dataset/admin.php(77): DatasetController->widget()
#12 /srv/code/framework/framework/web/CBaseController.php(126): require()
#13 /srv/code/framework/framework/web/CBaseController.php(95): DatasetController->renderInternal()
#14 /srv/code/framework/framework/web/CController.php(869): DatasetController->renderFile()
#15 /srv/code/framework/framework/web/CController.php(782): DatasetController->renderPartial()
#16 /var/www/protected/controllers/DatasetController.php(164): DatasetController->render()
#17 /srv/code/framework/framework/web/actions/CInlineAction.php(49): DatasetController->actionAdmin()
#18 /srv/code/framework/framework/web/CController.php(308): CInlineAction->runWithParams()
#19 /srv/code/framework/framework/web/filters/CFilterChain.php(133): DatasetController->runAction()
#20 /srv/code/framework/framework/web/filters/CFilter.php(40): CFilterChain->run()
#21 /srv/code/framework/framework/web/CController.php(1145): CAccessControlFilter->filter()
#22 /srv/code/framework/framework/web/filters/CInlineFilter.php(58): DatasetController->filterAccessControl()
#23 /srv/code/framework/framework/web/filters/CFilterChain.php(130): CInlineFilter->filter()
#24 /srv/code/framework/framework/web/CController.php(291): CFilterChain->run()
#25 /srv/code/framework/framework/web/CController.php(265): DatasetController->runActionWithFilters()
#26 /srv/code/framework/framework/web/CWebApplication.php(282): DatasetController->run()
#27 /srv/code/framework/framework/web/CWebApplication.php(141): CWebApplication->runController()
#28 /srv/code/framework/framework/base/CApplication.php(184): CWebApplication->processRequest()
#29 /var/www/index.php(13): CWebApplication->run()
REQUEST_URI=/index.php/dataset/admin
in /var/www/protected/views/dataset/admin.php (77)
in /var/www/protected/controllers/DatasetController.php (164)
in /var/www/index.php (13)
2014/07/11 11:46:29 [error] [exception.CHttpException.403] exception 'CHttpException' with message 'You are not authorized to perform this action.' in /srv/code/framework/framework/web/auth/CAccessControlFilter.php:182
Stack trace:
#0 /srv/code/framework/framework/web/auth/CAccessControlFilter.php(145): CAccessControlFilter->accessDenied(Object(CWebUser), 'You are not aut...')
#1 /srv/code/framework/framework/web/filters/CFilter.php(38): CAccessControlFilter->preFilter(Object(CFilterChain))
#2 /srv/code/framework/framework/web/CController.php(1145): CFilter->filter(Object(CFilterChain))
#3 /srv/code/framework/framework/web/filters/CInlineFilter.php(58): CController->filterAccessControl(Object(CFilterChain))
#4 /srv/code/framework/framework/web/filters/CFilterChain.php(130): CInlineFilter->filter(Object(CFilterChain))
#5 /srv/code/framework/framework/web/CController.php(291): CFilterChain->run()
#6 /srv/code/framework/framework/web/CController.php(265): CController->runActionWithFilters(Object(CInlineAction), Array)
#7 /srv/code/framework/framework/web/CWebApplication.php(282): CController->run('admin')
#8 /srv/code/framework/framework/web/CWebApplication.php(141): CWebApplication->runController('adultDataset/ad...')
#9 /srv/code/framework/framework/base/CApplication.php(184): CWebApplication->processRequest()
#10 /var/www/index.php(13): CApplication->run()
#11 {main}
REQUEST_URI=/index.php/adultDataset/admin
---
2014/07/11 11:46:29 [error] [exception.CHttpException.403] exception 'CHttpException' with message 'You are not authorized to perform this action.' in /srv/code/framework/framework/web/auth/CAccessControlFilter.php:182
Stack trace:
#0 /srv/code/framework/framework/web/auth/CAccessControlFilter.php(145): CAccessControlFilter->accessDenied(Object(CWebUser), 'You are not aut...')
#1 /srv/code/framework/framework/web/filters/CFilter.php(38): CAccessControlFilter->preFilter(Object(CFilterChain))
#2 /srv/code/framework/framework/web/CController.php(1145): CFilter->filter(Object(CFilterChain))
#3 /srv/code/framework/framework/web/filters/CInlineFilter.php(58): CController->filterAccessControl(Object(CFilterChain))
#4 /srv/code/framework/framework/web/filters/CFilterChain.php(130): CInlineFilter->filter(Object(CFilterChain))
#5 /srv/code/framework/framework/web/CController.php(291): CFilterChain->run()
#6 /srv/code/framework/framework/web/CController.php(265): CController->runActionWithFilters(Object(CInlineAction), Array)
#7 /srv/code/framework/framework/web/CWebApplication.php(282): CController->run('admin')
#8 /srv/code/framework/framework/web/CWebApplication.php(141): CWebApplication->runController('adultDataset/ad...')
#9 /srv/code/framework/framework/base/CApplication.php(184): CWebApplication->processRequest()
#10 /var/www/index.php(13): CApplication->run()
#11 {main}
REQUEST_URI=/index.php/adultDataset/admin
---
2014/07/11 11:54:38 [error] [system.db.CDbCommand] CDbCommand::fetchAll() failed: SQLSTATE[42S22]: Column not found: 1054 Unknown column 'pt_date' in 'order clause'. The SQL statement executed was: SELECT * FROM `tbl_dataset` `t` WHERE userId=:ycp0 ORDER BY pt_date DESC LIMIT 10.
in /var/www/protected/views/dataset/admin.php (69)
in /var/www/protected/controllers/DatasetController.php (164)
in /var/www/index.php (13)
2014/07/11 11:54:38 [error] [exception.CDbException] exception 'CDbException' with message 'CDbCommand failed to execute the SQL statement: SQLSTATE[42S22]: Column not found: 1054 Unknown column 'pt_date' in 'order clause'. The SQL statement executed was: SELECT * FROM `tbl_dataset` `t` WHERE userId=:ycp0 ORDER BY pt_date DESC LIMIT 10' in /srv/code/framework/framework/db/CDbCommand.php:543
Stack trace:
#0 /srv/code/framework/framework/db/CDbCommand.php(396): CDbCommand->queryInternal('fetchAll', Array, Array)
#1 /srv/code/framework/framework/db/ar/CActiveRecord.php(1354): CDbCommand->queryAll()
#2 /srv/code/framework/framework/db/ar/CActiveRecord.php(1473): CActiveRecord->query(Object(CDbCriteria), true)
#3 /srv/code/framework/framework/web/CActiveDataProvider.php(199): CActiveRecord->findAll(Object(CDbCriteria))
#4 /srv/code/framework/framework/web/CDataProvider.php(168): CActiveDataProvider->fetchData()
#5 /srv/code/framework/framework/zii/widgets/CBaseListView.php(125): CDataProvider->getData()
#6 /srv/code/framework/framework/zii/widgets/grid/CGridView.php(339): CBaseListView->init()
#7 /srv/code/framework/framework/web/CBaseController.php(147): CGridView->init()
#8 /srv/code/framework/framework/web/CBaseController.php(180): CBaseController->createWidget('zii.widgets.gri...', Array)
#9 /var/www/protected/views/dataset/admin.php(69): CBaseController->widget('zii.widgets.gri...', Array)
#10 /srv/code/framework/framework/web/CBaseController.php(126): require('/var/www/protec...')
#11 /srv/code/framework/framework/web/CBaseController.php(95): CBaseController->renderInternal('/var/www/protec...', Array, true)
#12 /srv/code/framework/framework/web/CController.php(869): CBaseController->renderFile('/var/www/protec...', Array, true)
#13 /srv/code/framework/framework/web/CController.php(782): CController->renderPartial('admin', Array, true)
#14 /var/www/protected/controllers/DatasetController.php(164): CController->render('admin', Array)
#15 /srv/code/framework/framework/web/actions/CInlineAction.php(49): DatasetController->actionAdmin()
#16 /srv/code/framework/framework/web/CController.php(308): CInlineAction->runWithParams(Array)
#17 /srv/code/framework/framework/web/filters/CFilterChain.php(133): CController->runAction(Object(CInlineAction))
#18 /srv/code/framework/framework/web/filters/CFilter.php(40): CFilterChain->run()
#19 /srv/code/framework/framework/web/CController.php(1145): CFilter->filter(Object(CFilterChain))
#20 /srv/code/framework/framework/web/filters/CInlineFilter.php(58): CController->filterAccessControl(Object(CFilterChain))
#21 /srv/code/framework/framework/web/filters/CFilterChain.php(130): CInlineFilter->filter(Object(CFilterChain))
#22 /srv/code/framework/framework/web/CController.php(291): CFilterChain->run()
#23 /srv/code/framework/framework/web/CController.php(265): CController->runActionWithFilters(Object(CInlineAction), Array)
#24 /srv/code/framework/framework/web/CWebApplication.php(282): CController->run('admin')
#25 /srv/code/framework/framework/web/CWebApplication.php(141): CWebApplication->runController('dataset/admin')
#26 /srv/code/framework/framework/base/CApplication.php(184): CWebApplication->processRequest()
#27 /var/www/index.php(13): CApplication->run()
#28 {main}
REQUEST_URI=/index.php/dataset/admin
HTTP_REFERER=http://127.0.0.1:9024/index.php/adultDataset/admin
---
2014/07/11 11:57:06 [error] [exception.CException] exception 'CException' with message 'Property "Dataset.score" is not defined.' in /srv/code/framework/framework/base/CComponent.php:130
Stack trace:
#0 /srv/code/framework/framework/db/ar/CActiveRecord.php(145): CComponent->__get('score')
#1 /srv/code/framework/framework/web/helpers/CHtml.php(2728): CActiveRecord->__get('score')
#2 /srv/code/framework/framework/web/helpers/CHtml.php(2451): CHtml::resolveValue(Object(Dataset), 'score')
#3 /srv/code/framework/framework/web/helpers/CHtml.php(1533): CHtml::activeInputField('text', Object(Dataset), 'score', Array)
#4 /srv/code/framework/framework/zii/widgets/grid/CDataColumn.php(104): CHtml::activeTextField(Object(Dataset), 'score', Array)
#5 /srv/code/framework/framework/zii/widgets/grid/CGridColumn.php(253): CDataColumn->getFilterCellContent()
#6 /srv/code/framework/framework/zii/widgets/grid/CGridColumn.php(119): CGridColumn->renderFilterCellContent()
#7 /srv/code/framework/framework/zii/widgets/grid/CGridView.php(538): CGridColumn->renderFilterCell()
#8 /srv/code/framework/framework/zii/widgets/grid/CGridView.php(516): CGridView->renderFilter()
#9 /srv/code/framework/framework/zii/widgets/grid/CGridView.php(486): CGridView->renderTableHeader()
#10 /srv/code/framework/framework/zii/widgets/CBaseListView.php(181): CGridView->renderItems()
#11 [internal function]: CBaseListView->renderSection(Array)
#12 /srv/code/framework/framework/zii/widgets/CBaseListView.php(164): preg_replace_callback('/{(\w+)}/', Array, '{summary}?{item...')
#13 /srv/code/framework/framework/zii/widgets/CBaseListView.php(149): CBaseListView->renderContent()
#14 /srv/code/framework/framework/web/CBaseController.php(181): CBaseListView->run()
#15 /var/www/protected/views/dataset/admin.php(73): CBaseController->widget('zii.widgets.gri...', Array)
#16 /srv/code/framework/framework/web/CBaseController.php(126): require('/var/www/protec...')
#17 /srv/code/framework/framework/web/CBaseController.php(95): CBaseController->renderInternal('/var/www/protec...', Array, true)
#18 /srv/code/framework/framework/web/CController.php(869): CBaseController->renderFile('/var/www/protec...', Array, true)
#19 /srv/code/framework/framework/web/CController.php(782): CController->renderPartial('admin', Array, true)
#20 /var/www/protected/controllers/DatasetController.php(164): CController->render('admin', Array)
#21 /srv/code/framework/framework/web/actions/CInlineAction.php(49): DatasetController->actionAdmin()
#22 /srv/code/framework/framework/web/CController.php(308): CInlineAction->runWithParams(Array)
#23 /srv/code/framework/framework/web/filters/CFilterChain.php(133): CController->runAction(Object(CInlineAction))
#24 /srv/code/framework/framework/web/filters/CFilter.php(40): CFilterChain->run()
#25 /srv/code/framework/framework/web/CController.php(1145): CFilter->filter(Object(CFilterChain))
#26 /srv/code/framework/framework/web/filters/CInlineFilter.php(58): CController->filterAccessControl(Object(CFilterChain))
#27 /srv/code/framework/framework/web/filters/CFilterChain.php(130): CInlineFilter->filter(Object(CFilterChain))
#28 /srv/code/framework/framework/web/CController.php(291): CFilterChain->run()
#29 /srv/code/framework/framework/web/CController.php(265): CController->runActionWithFilters(Object(CInlineAction), Array)
#30 /srv/code/framework/framework/web/CWebApplication.php(282): CController->run('admin')
#31 /srv/code/framework/framework/web/CWebApplication.php(141): CWebApplication->runController('dataset/admin')
#32 /srv/code/framework/framework/base/CApplication.php(184): CWebApplication->processRequest()
#33 /var/www/index.php(13): CApplication->run()
#34 {main}
REQUEST_URI=/index.php/dataset/admin
HTTP_REFERER=http://127.0.0.1:9024/index.php/adultDataset/admin
---
2014/07/11 11:57:07 [error] [exception.CException] exception 'CException' with message 'Property "Dataset.score" is not defined.' in /srv/code/framework/framework/base/CComponent.php:130
Stack trace:
#0 /srv/code/framework/framework/db/ar/CActiveRecord.php(145): CComponent->__get('score')
#1 /srv/code/framework/framework/web/helpers/CHtml.php(2728): CActiveRecord->__get('score')
#2 /srv/code/framework/framework/web/helpers/CHtml.php(2451): CHtml::resolveValue(Object(Dataset), 'score')
#3 /srv/code/framework/framework/web/helpers/CHtml.php(1533): CHtml::activeInputField('text', Object(Dataset), 'score', Array)
#4 /srv/code/framework/framework/zii/widgets/grid/CDataColumn.php(104): CHtml::activeTextField(Object(Dataset), 'score', Array)
#5 /srv/code/framework/framework/zii/widgets/grid/CGridColumn.php(253): CDataColumn->getFilterCellContent()
#6 /srv/code/framework/framework/zii/widgets/grid/CGridColumn.php(119): CGridColumn->renderFilterCellContent()
#7 /srv/code/framework/framework/zii/widgets/grid/CGridView.php(538): CGridColumn->renderFilterCell()
#8 /srv/code/framework/framework/zii/widgets/grid/CGridView.php(516): CGridView->renderFilter()
#9 /srv/code/framework/framework/zii/widgets/grid/CGridView.php(486): CGridView->renderTableHeader()
#10 /srv/code/framework/framework/zii/widgets/CBaseListView.php(181): CGridView->renderItems()
#11 [internal function]: CBaseListView->renderSection(Array)
#12 /srv/code/framework/framework/zii/widgets/CBaseListView.php(164): preg_replace_callback('/{(\w+)}/', Array, '{summary}?{item...')
#13 /srv/code/framework/framework/zii/widgets/CBaseListView.php(149): CBaseListView->renderContent()
#14 /srv/code/framework/framework/web/CBaseController.php(181): CBaseListView->run()
#15 /var/www/protected/views/dataset/admin.php(73): CBaseController->widget('zii.widgets.gri...', Array)
#16 /srv/code/framework/framework/web/CBaseController.php(126): require('/var/www/protec...')
#17 /srv/code/framework/framework/web/CBaseController.php(95): CBaseController->renderInternal('/var/www/protec...', Array, true)
#18 /srv/code/framework/framework/web/CController.php(869): CBaseController->renderFile('/var/www/protec...', Array, true)
#19 /srv/code/framework/framework/web/CController.php(782): CController->renderPartial('admin', Array, true)
#20 /var/www/protected/controllers/DatasetController.php(164): CController->render('admin', Array)
#21 /srv/code/framework/framework/web/actions/CInlineAction.php(49): DatasetController->actionAdmin()
#22 /srv/code/framework/framework/web/CController.php(308): CInlineAction->runWithParams(Array)
#23 /srv/code/framework/framework/web/filters/CFilterChain.php(133): CController->runAction(Object(CInlineAction))
#24 /srv/code/framework/framework/web/filters/CFilter.php(40): CFilterChain->run()
#25 /srv/code/framework/framework/web/CController.php(1145): CFilter->filter(Object(CFilterChain))
#26 /srv/code/framework/framework/web/filters/CInlineFilter.php(58): CController->filterAccessControl(Object(CFilterChain))
#27 /srv/code/framework/framework/web/filters/CFilterChain.php(130): CInlineFilter->filter(Object(CFilterChain))
#28 /srv/code/framework/framework/web/CController.php(291): CFilterChain->run()
#29 /srv/code/framework/framework/web/CController.php(265): CController->runActionWithFilters(Object(CInlineAction), Array)
#30 /srv/code/framework/framework/web/CWebApplication.php(282): CController->run('admin')
#31 /srv/code/framework/framework/web/CWebApplication.php(141): CWebApplication->runController('dataset/admin')
#32 /srv/code/framework/framework/base/CApplication.php(184): CWebApplication->processRequest()
#33 /var/www/index.php(13): CApplication->run()
#34 {main}
REQUEST_URI=/index.php/dataset/admin
HTTP_REFERER=http://127.0.0.1:9024/index.php/adultDataset/admin
---
2014/07/11 11:57:23 [error] [exception.CException] exception 'CException' with message 'Property "Dataset.completionScore" is not defined.' in /srv/code/framework/framework/base/CComponent.php:130
Stack trace:
#0 /srv/code/framework/framework/db/ar/CActiveRecord.php(145): CComponent->__get('completionScore')
#1 /srv/code/framework/framework/base/CComponent.php(612) : eval()'d code(1): CActiveRecord->__get('completionScore')
#2 /srv/code/framework/framework/base/CComponent.php(612): eval()
#3 /srv/code/framework/framework/zii/widgets/grid/CDataColumn.php(142): CComponent->evaluateExpression('$data->completi...', Array)
#4 /srv/code/framework/framework/zii/widgets/grid/CGridColumn.php(231): CDataColumn->getDataCellContent(0)
#5 /srv/code/framework/framework/zii/widgets/grid/CGridColumn.php(154): CGridColumn->renderDataCellContent(0, Object(Dataset))
#6 /srv/code/framework/framework/zii/widgets/grid/CGridView.php(622): CGridColumn->renderDataCell(0)
#7 /srv/code/framework/framework/zii/widgets/grid/CGridView.php(578): CGridView->renderTableRow(0)
#8 /srv/code/framework/framework/zii/widgets/grid/CGridView.php(488): CGridView->renderTableBody()
#9 /srv/code/framework/framework/zii/widgets/CBaseListView.php(181): CGridView->renderItems()
#10 [internal function]: CBaseListView->renderSection(Array)
#11 /srv/code/framework/framework/zii/widgets/CBaseListView.php(164): preg_replace_callback('/{(\w+)}/', Array, '{summary}?{item...')
#12 /srv/code/framework/framework/zii/widgets/CBaseListView.php(149): CBaseListView->renderContent()
#13 /srv/code/framework/framework/web/CBaseController.php(181): CBaseListView->run()
#14 /var/www/protected/views/dataset/admin.php(72): CBaseController->widget('zii.widgets.gri...', Array)
#15 /srv/code/framework/framework/web/CBaseController.php(126): require('/var/www/protec...')
#16 /srv/code/framework/framework/web/CBaseController.php(95): CBaseController->renderInternal('/var/www/protec...', Array, true)
#17 /srv/code/framework/framework/web/CController.php(869): CBaseController->renderFile('/var/www/protec...', Array, true)
#18 /srv/code/framework/framework/web/CController.php(782): CController->renderPartial('admin', Array, true)
#19 /var/www/protected/controllers/DatasetController.php(164): CController->render('admin', Array)
#20 /srv/code/framework/framework/web/actions/CInlineAction.php(49): DatasetController->actionAdmin()
#21 /srv/code/framework/framework/web/CController.php(308): CInlineAction->runWithParams(Array)
#22 /srv/code/framework/framework/web/filters/CFilterChain.php(133): CController->runAction(Object(CInlineAction))
#23 /srv/code/framework/framework/web/filters/CFilter.php(40): CFilterChain->run()
#24 /srv/code/framework/framework/web/CController.php(1145): CFilter->filter(Object(CFilterChain))
#25 /srv/code/framework/framework/web/filters/CInlineFilter.php(58): CController->filterAccessControl(Object(CFilterChain))
#26 /srv/code/framework/framework/web/filters/CFilterChain.php(130): CInlineFilter->filter(Object(CFilterChain))
#27 /srv/code/framework/framework/web/CController.php(291): CFilterChain->run()
#28 /srv/code/framework/framework/web/CController.php(265): CController->runActionWithFilters(Object(CInlineAction), Array)
#29 /srv/code/framework/framework/web/CWebApplication.php(282): CController->run('admin')
#30 /srv/code/framework/framework/web/CWebApplication.php(141): CWebApplication->runController('dataset/admin')
#31 /srv/code/framework/framework/base/CApplication.php(184): CWebApplication->processRequest()
#32 /var/www/index.php(13): CApplication->run()
#33 {main}
REQUEST_URI=/index.php/dataset/admin
HTTP_REFERER=http://127.0.0.1:9024/index.php/adultDataset/admin
---
2014/07/11 12:02:15 [error] [exception.CException] exception 'CException' with message 'Property "Dataset.Completion Score" is not defined.' in /srv/code/framework/framework/base/CComponent.php:130
Stack trace:
#0 /srv/code/framework/framework/db/ar/CActiveRecord.php(145): CComponent->__get('Completion Scor...')
#1 /srv/code/framework/framework/web/helpers/CHtml.php(2728): CActiveRecord->__get('Completion Scor...')
#2 /srv/code/framework/framework/web/helpers/CHtml.php(2451): CHtml::resolveValue(Object(Dataset), 'Completion Scor...')
#3 /srv/code/framework/framework/web/helpers/CHtml.php(1533): CHtml::activeInputField('text', Object(Dataset), 'Completion Scor...', Array)
#4 /srv/code/framework/framework/zii/widgets/grid/CDataColumn.php(104): CHtml::activeTextField(Object(Dataset), 'Completion Scor...', Array)
#5 /srv/code/framework/framework/zii/widgets/grid/CGridColumn.php(253): CDataColumn->getFilterCellContent()
#6 /srv/code/framework/framework/zii/widgets/grid/CGridColumn.php(119): CGridColumn->renderFilterCellContent()
#7 /srv/code/framework/framework/zii/widgets/grid/CGridView.php(538): CGridColumn->renderFilterCell()
#8 /srv/code/framework/framework/zii/widgets/grid/CGridView.php(516): CGridView->renderFilter()
#9 /srv/code/framework/framework/zii/widgets/grid/CGridView.php(486): CGridView->renderTableHeader()
#10 /srv/code/framework/framework/zii/widgets/CBaseListView.php(181): CGridView->renderItems()
#11 [internal function]: CBaseListView->renderSection(Array)
#12 /srv/code/framework/framework/zii/widgets/CBaseListView.php(164): preg_replace_callback('/{(\w+)}/', Array, '{summary}?{item...')
#13 /srv/code/framework/framework/zii/widgets/CBaseListView.php(149): CBaseListView->renderContent()
#14 /srv/code/framework/framework/web/CBaseController.php(181): CBaseListView->run()
#15 /var/www/protected/views/dataset/admin.php(79): CBaseController->widget('zii.widgets.gri...', Array)
#16 /srv/code/framework/framework/web/CBaseController.php(126): require('/var/www/protec...')
#17 /srv/code/framework/framework/web/CBaseController.php(95): CBaseController->renderInternal('/var/www/protec...', Array, true)
#18 /srv/code/framework/framework/web/CController.php(869): CBaseController->renderFile('/var/www/protec...', Array, true)
#19 /srv/code/framework/framework/web/CController.php(782): CController->renderPartial('admin', Array, true)
#20 /var/www/protected/controllers/DatasetController.php(164): CController->render('admin', Array)
#21 /srv/code/framework/framework/web/actions/CInlineAction.php(49): DatasetController->actionAdmin()
#22 /srv/code/framework/framework/web/CController.php(308): CInlineAction->runWithParams(Array)
#23 /srv/code/framework/framework/web/filters/CFilterChain.php(133): CController->runAction(Object(CInlineAction))
#24 /srv/code/framework/framework/web/filters/CFilter.php(40): CFilterChain->run()
#25 /srv/code/framework/framework/web/CController.php(1145): CFilter->filter(Object(CFilterChain))
#26 /srv/code/framework/framework/web/filters/CInlineFilter.php(58): CController->filterAccessControl(Object(CFilterChain))
#27 /srv/code/framework/framework/web/filters/CFilterChain.php(130): CInlineFilter->filter(Object(CFilterChain))
#28 /srv/code/framework/framework/web/CController.php(291): CFilterChain->run()
#29 /srv/code/framework/framework/web/CController.php(265): CController->runActionWithFilters(Object(CInlineAction), Array)
#30 /srv/code/framework/framework/web/CWebApplication.php(282): CController->run('admin')
#31 /srv/code/framework/framework/web/CWebApplication.php(141): CWebApplication->runController('dataset/admin')
#32 /srv/code/framework/framework/base/CApplication.php(184): CWebApplication->processRequest()
#33 /var/www/index.php(13): CApplication->run()
#34 {main}
REQUEST_URI=/index.php/dataset/admin
HTTP_REFERER=http://127.0.0.1:9024/index.php/adultDataset/admin
---
2014/07/11 12:04:11 [error] [exception.CException] exception 'CException' with message 'Property "Dataset.Completion Score" is not defined.' in /srv/code/framework/framework/base/CComponent.php:130
Stack trace:
#0 /srv/code/framework/framework/db/ar/CActiveRecord.php(145): CComponent->__get('Completion Scor...')
#1 /srv/code/framework/framework/web/helpers/CHtml.php(2728): CActiveRecord->__get('Completion Scor...')
#2 /srv/code/framework/framework/web/helpers/CHtml.php(2451): CHtml::resolveValue(Object(Dataset), 'Completion Scor...')
#3 /srv/code/framework/framework/web/helpers/CHtml.php(1533): CHtml::activeInputField('text', Object(Dataset), 'Completion Scor...', Array)
#4 /srv/code/framework/framework/zii/widgets/grid/CDataColumn.php(104): CHtml::activeTextField(Object(Dataset), 'Completion Scor...', Array)
#5 /srv/code/framework/framework/zii/widgets/grid/CGridColumn.php(253): CDataColumn->getFilterCellContent()
#6 /srv/code/framework/framework/zii/widgets/grid/CGridColumn.php(119): CGridColumn->renderFilterCellContent()
#7 /srv/code/framework/framework/zii/widgets/grid/CGridView.php(538): CGridColumn->renderFilterCell()
#8 /srv/code/framework/framework/zii/widgets/grid/CGridView.php(516): CGridView->renderFilter()
#9 /srv/code/framework/framework/zii/widgets/grid/CGridView.php(486): CGridView->renderTableHeader()
#10 /srv/code/framework/framework/zii/widgets/CBaseListView.php(181): CGridView->renderItems()
#11 [internal function]: CBaseListView->renderSection(Array)
#12 /srv/code/framework/framework/zii/widgets/CBaseListView.php(164): preg_replace_callback('/{(\w+)}/', Array, '{summary}?{item...')
#13 /srv/code/framework/framework/zii/widgets/CBaseListView.php(149): CBaseListView->renderContent()
#14 /srv/code/framework/framework/web/CBaseController.php(181): CBaseListView->run()
#15 /var/www/protected/views/dataset/admin.php(77): CBaseController->widget('zii.widgets.gri...', Array)
#16 /srv/code/framework/framework/web/CBaseController.php(126): require('/var/www/protec...')
#17 /srv/code/framework/framework/web/CBaseController.php(95): CBaseController->renderInternal('/var/www/protec...', Array, true)
#18 /srv/code/framework/framework/web/CController.php(869): CBaseController->renderFile('/var/www/protec...', Array, true)
#19 /srv/code/framework/framework/web/CController.php(782): CController->renderPartial('admin', Array, true)
#20 /var/www/protected/controllers/DatasetController.php(164): CController->render('admin', Array)
#21 /srv/code/framework/framework/web/actions/CInlineAction.php(49): DatasetController->actionAdmin()
#22 /srv/code/framework/framework/web/CController.php(308): CInlineAction->runWithParams(Array)
#23 /srv/code/framework/framework/web/filters/CFilterChain.php(133): CController->runAction(Object(CInlineAction))
#24 /srv/code/framework/framework/web/filters/CFilter.php(40): CFilterChain->run()
#25 /srv/code/framework/framework/web/CController.php(1145): CFilter->filter(Object(CFilterChain))
#26 /srv/code/framework/framework/web/filters/CInlineFilter.php(58): CController->filterAccessControl(Object(CFilterChain))
#27 /srv/code/framework/framework/web/filters/CFilterChain.php(130): CInlineFilter->filter(Object(CFilterChain))
#28 /srv/code/framework/framework/web/CController.php(291): CFilterChain->run()
#29 /srv/code/framework/framework/web/CController.php(265): CController->runActionWithFilters(Object(CInlineAction), Array)
#30 /srv/code/framework/framework/web/CWebApplication.php(282): CController->run('admin')
#31 /srv/code/framework/framework/web/CWebApplication.php(141): CWebApplication->runController('dataset/admin')
#32 /srv/code/framework/framework/base/CApplication.php(184): CWebApplication->processRequest()
#33 /var/www/index.php(13): CApplication->run()
#34 {main}
REQUEST_URI=/index.php/dataset/admin
HTTP_REFERER=http://127.0.0.1:9024/index.php/adultDataset/admin
---
2014/07/11 12:04:13 [error] [exception.CException] exception 'CException' with message 'Property "Dataset.Completion Score" is not defined.' in /srv/code/framework/framework/base/CComponent.php:130
Stack trace:
#0 /srv/code/framework/framework/db/ar/CActiveRecord.php(145): CComponent->__get('Completion Scor...')
#1 /srv/code/framework/framework/web/helpers/CHtml.php(2728): CActiveRecord->__get('Completion Scor...')
#2 /srv/code/framework/framework/web/helpers/CHtml.php(2451): CHtml::resolveValue(Object(Dataset), 'Completion Scor...')
#3 /srv/code/framework/framework/web/helpers/CHtml.php(1533): CHtml::activeInputField('text', Object(Dataset), 'Completion Scor...', Array)
#4 /srv/code/framework/framework/zii/widgets/grid/CDataColumn.php(104): CHtml::activeTextField(Object(Dataset), 'Completion Scor...', Array)
#5 /srv/code/framework/framework/zii/widgets/grid/CGridColumn.php(253): CDataColumn->getFilterCellContent()
#6 /srv/code/framework/framework/zii/widgets/grid/CGridColumn.php(119): CGridColumn->renderFilterCellContent()
#7 /srv/code/framework/framework/zii/widgets/grid/CGridView.php(538): CGridColumn->renderFilterCell()
#8 /srv/code/framework/framework/zii/widgets/grid/CGridView.php(516): CGridView->renderFilter()
#9 /srv/code/framework/framework/zii/widgets/grid/CGridView.php(486): CGridView->renderTableHeader()
#10 /srv/code/framework/framework/zii/widgets/CBaseListView.php(181): CGridView->renderItems()
#11 [internal function]: CBaseListView->renderSection(Array)
#12 /srv/code/framework/framework/zii/widgets/CBaseListView.php(164): preg_replace_callback('/{(\w+)}/', Array, '{summary}?{item...')
#13 /srv/code/framework/framework/zii/widgets/CBaseListView.php(149): CBaseListView->renderContent()
#14 /srv/code/framework/framework/web/CBaseController.php(181): CBaseListView->run()
#15 /var/www/protected/views/dataset/admin.php(77): CBaseController->widget('zii.widgets.gri...', Array)
#16 /srv/code/framework/framework/web/CBaseController.php(126): require('/var/www/protec...')
#17 /srv/code/framework/framework/web/CBaseController.php(95): CBaseController->renderInternal('/var/www/protec...', Array, true)
#18 /srv/code/framework/framework/web/CController.php(869): CBaseController->renderFile('/var/www/protec...', Array, true)
#19 /srv/code/framework/framework/web/CController.php(782): CController->renderPartial('admin', Array, true)
#20 /var/www/protected/controllers/DatasetController.php(164): CController->render('admin', Array)
#21 /srv/code/framework/framework/web/actions/CInlineAction.php(49): DatasetController->actionAdmin()
#22 /srv/code/framework/framework/web/CController.php(308): CInlineAction->runWithParams(Array)
#23 /srv/code/framework/framework/web/filters/CFilterChain.php(133): CController->runAction(Object(CInlineAction))
#24 /srv/code/framework/framework/web/filters/CFilter.php(40): CFilterChain->run()
#25 /srv/code/framework/framework/web/CController.php(1145): CFilter->filter(Object(CFilterChain))
#26 /srv/code/framework/framework/web/filters/CInlineFilter.php(58): CController->filterAccessControl(Object(CFilterChain))
#27 /srv/code/framework/framework/web/filters/CFilterChain.php(130): CInlineFilter->filter(Object(CFilterChain))
#28 /srv/code/framework/framework/web/CController.php(291): CFilterChain->run()
#29 /srv/code/framework/framework/web/CController.php(265): CController->runActionWithFilters(Object(CInlineAction), Array)
#30 /srv/code/framework/framework/web/CWebApplication.php(282): CController->run('admin')
#31 /srv/code/framework/framework/web/CWebApplication.php(141): CWebApplication->runController('dataset/admin')
#32 /srv/code/framework/framework/base/CApplication.php(184): CWebApplication->processRequest()
#33 /var/www/index.php(13): CApplication->run()
#34 {main}
REQUEST_URI=/index.php/dataset/admin
HTTP_REFERER=http://127.0.0.1:9024/index.php/adultDataset/admin
---
2014/07/11 12:11:12 [error] [exception.CException] exception 'CException' with message 'Property "Dataset.Completion Score" is not defined.' in /srv/code/framework/framework/base/CComponent.php:130
Stack trace:
#0 /srv/code/framework/framework/db/ar/CActiveRecord.php(145): CComponent->__get('Completion Scor...')
#1 /srv/code/framework/framework/web/helpers/CHtml.php(2728): CActiveRecord->__get('Completion Scor...')
#2 /srv/code/framework/framework/web/helpers/CHtml.php(2451): CHtml::resolveValue(Object(Dataset), 'Completion Scor...')
#3 /srv/code/framework/framework/web/helpers/CHtml.php(1533): CHtml::activeInputField('text', Object(Dataset), 'Completion Scor...', Array)
#4 /srv/code/framework/framework/zii/widgets/grid/CDataColumn.php(104): CHtml::activeTextField(Object(Dataset), 'Completion Scor...', Array)
#5 /srv/code/framework/framework/zii/widgets/grid/CGridColumn.php(253): CDataColumn->getFilterCellContent()
#6 /srv/code/framework/framework/zii/widgets/grid/CGridColumn.php(119): CGridColumn->renderFilterCellContent()
#7 /srv/code/framework/framework/zii/widgets/grid/CGridView.php(538): CGridColumn->renderFilterCell()
#8 /srv/code/framework/framework/zii/widgets/grid/CGridView.php(516): CGridView->renderFilter()
#9 /srv/code/framework/framework/zii/widgets/grid/CGridView.php(486): CGridView->renderTableHeader()
#10 /srv/code/framework/framework/zii/widgets/CBaseListView.php(181): CGridView->renderItems()
#11 [internal function]: CBaseListView->renderSection(Array)
#12 /srv/code/framework/framework/zii/widgets/CBaseListView.php(164): preg_replace_callback('/{(\w+)}/', Array, '{summary}?{item...')
#13 /srv/code/framework/framework/zii/widgets/CBaseListView.php(149): CBaseListView->renderContent()
#14 /srv/code/framework/framework/web/CBaseController.php(181): CBaseListView->run()
#15 /var/www/protected/views/dataset/admin.php(77): CBaseController->widget('zii.widgets.gri...', Array)
#16 /srv/code/framework/framework/web/CBaseController.php(126): require('/var/www/protec...')
#17 /srv/code/framework/framework/web/CBaseController.php(95): CBaseController->renderInternal('/var/www/protec...', Array, true)
#18 /srv/code/framework/framework/web/CController.php(869): CBaseController->renderFile('/var/www/protec...', Array, true)
#19 /srv/code/framework/framework/web/CController.php(782): CController->renderPartial('admin', Array, true)
#20 /var/www/protected/controllers/DatasetController.php(164): CController->render('admin', Array)
#21 /srv/code/framework/framework/web/actions/CInlineAction.php(49): DatasetController->actionAdmin()
#22 /srv/code/framework/framework/web/CController.php(308): CInlineAction->runWithParams(Array)
#23 /srv/code/framework/framework/web/filters/CFilterChain.php(133): CController->runAction(Object(CInlineAction))
#24 /srv/code/framework/framework/web/filters/CFilter.php(40): CFilterChain->run()
#25 /srv/code/framework/framework/web/CController.php(1145): CFilter->filter(Object(CFilterChain))
#26 /srv/code/framework/framework/web/filters/CInlineFilter.php(58): CController->filterAccessControl(Object(CFilterChain))
#27 /srv/code/framework/framework/web/filters/CFilterChain.php(130): CInlineFilter->filter(Object(CFilterChain))
#28 /srv/code/framework/framework/web/CController.php(291): CFilterChain->run()
#29 /srv/code/framework/framework/web/CController.php(265): CController->runActionWithFilters(Object(CInlineAction), Array)
#30 /srv/code/framework/framework/web/CWebApplication.php(282): CController->run('admin')
#31 /srv/code/framework/framework/web/CWebApplication.php(141): CWebApplication->runController('dataset/admin')
#32 /srv/code/framework/framework/base/CApplication.php(184): CWebApplication->processRequest()
#33 /var/www/index.php(13): CApplication->run()
#34 {main}
REQUEST_URI=/index.php/dataset/admin
HTTP_REFERER=http://127.0.0.1:9024/index.php/adultDataset/admin
---
2014/07/11 12:12:59 [error] [php] Undefined variable: data (/var/www/protected/views/dataset/admin.php:50)
Stack trace:
#0 /srv/code/framework/framework/zii/widgets/grid/CDataColumn.php(142): CDataColumn->evaluateExpression()
#1 /srv/code/framework/framework/zii/widgets/grid/CGridColumn.php(231): CDataColumn->getDataCellContent()
#2 /srv/code/framework/framework/zii/widgets/grid/CGridColumn.php(154): CDataColumn->renderDataCellContent()
#3 /srv/code/framework/framework/zii/widgets/grid/CGridView.php(622): CDataColumn->renderDataCell()
#4 /srv/code/framework/framework/zii/widgets/grid/CGridView.php(578): CGridView->renderTableRow()
#5 /srv/code/framework/framework/zii/widgets/grid/CGridView.php(488): CGridView->renderTableBody()
#6 /srv/code/framework/framework/zii/widgets/CBaseListView.php(181): CGridView->renderItems()
#7 unknown(0): CGridView->renderSection()
#8 /srv/code/framework/framework/zii/widgets/CBaseListView.php(164): preg_replace_callback()
#9 /srv/code/framework/framework/zii/widgets/CBaseListView.php(149): CGridView->renderContent()
#10 /srv/code/framework/framework/web/CBaseController.php(181): CGridView->run()
#11 /var/www/protected/views/dataset/admin.php(77): DatasetController->widget()
#12 /srv/code/framework/framework/web/CBaseController.php(126): require()
#13 /srv/code/framework/framework/web/CBaseController.php(95): DatasetController->renderInternal()
#14 /srv/code/framework/framework/web/CController.php(869): DatasetController->renderFile()
#15 /srv/code/framework/framework/web/CController.php(782): DatasetController->renderPartial()
#16 /var/www/protected/controllers/DatasetController.php(164): DatasetController->render()
#17 /srv/code/framework/framework/web/actions/CInlineAction.php(49): DatasetController->actionAdmin()
#18 /srv/code/framework/framework/web/CController.php(308): CInlineAction->runWithParams()
#19 /srv/code/framework/framework/web/filters/CFilterChain.php(133): DatasetController->runAction()
#20 /srv/code/framework/framework/web/filters/CFilter.php(40): CFilterChain->run()
#21 /srv/code/framework/framework/web/CController.php(1145): CAccessControlFilter->filter()
#22 /srv/code/framework/framework/web/filters/CInlineFilter.php(58): DatasetController->filterAccessControl()
#23 /srv/code/framework/framework/web/filters/CFilterChain.php(130): CInlineFilter->filter()
#24 /srv/code/framework/framework/web/CController.php(291): CFilterChain->run()
#25 /srv/code/framework/framework/web/CController.php(265): DatasetController->runActionWithFilters()
#26 /srv/code/framework/framework/web/CWebApplication.php(282): DatasetController->run()
#27 /srv/code/framework/framework/web/CWebApplication.php(141): CWebApplication->runController()
#28 /srv/code/framework/framework/base/CApplication.php(184): CWebApplication->processRequest()
#29 /var/www/index.php(13): CWebApplication->run()
REQUEST_URI=/index.php/dataset/admin
in /var/www/protected/views/dataset/admin.php (50)
in /var/www/protected/views/dataset/admin.php (77)
in /var/www/protected/controllers/DatasetController.php (164)
2014/07/14 07:53:59 [warning] [application] Failed to set unsafe attribute "op_lir_transposition" of "Dataset".
in /var/www/protected/controllers/DatasetController.php (71)
in /var/www/index.php (13)
